0 info it worked if it ends with ok
1 verbose cli [ '/usr/bin/nodejs',
1 verbose cli   '/usr/bin/npm',
1 verbose cli   'install',
1 verbose cli   'ng-table',
1 verbose cli   '--save' ]
2 info using npm@1.3.10
3 info using node@v0.10.25
4 verbose cache add [ 'ng-table', null ]
5 verbose cache add name=undefined spec="ng-table" args=["ng-table",null]
6 verbose parsed url { protocol: null,
6 verbose parsed url   slashes: null,
6 verbose parsed url   auth: null,
6 verbose parsed url   host: null,
6 verbose parsed url   port: null,
6 verbose parsed url   hostname: null,
6 verbose parsed url   hash: null,
6 verbose parsed url   search: null,
6 verbose parsed url   query: null,
6 verbose parsed url   pathname: 'ng-table',
6 verbose parsed url   path: 'ng-table',
6 verbose parsed url   href: 'ng-table' }
7 silly lockFile 95157c1c-ng-table ng-table
8 verbose lock ng-table /home/nabeel/.npm/95157c1c-ng-table.lock
9 silly lockFile 95157c1c-ng-table ng-table
10 silly lockFile 95157c1c-ng-table ng-table
11 verbose addNamed [ 'ng-table', '' ]
12 verbose addNamed [ null, '*' ]
13 silly lockFile 953b84f7-ng-table ng-table@
14 verbose lock ng-table@ /home/nabeel/.npm/953b84f7-ng-table.lock
15 silly addNameRange { name: 'ng-table', range: '*', hasData: false }
16 verbose url raw ng-table
17 verbose url resolving [ 'https://registry.npmjs.org/', './ng-table' ]
18 verbose url resolved https://registry.npmjs.org/ng-table
19 info trying registry request attempt 1 at 12:00:39
20 verbose etag "3HFIAQ5EUGI47DPBN8XAI2I7F"
21 http GET https://registry.npmjs.org/ng-table
22 http 304 https://registry.npmjs.org/ng-table
23 silly registry.get cb [ 304,
23 silly registry.get   { date: 'Mon, 24 Oct 2016 06:30:31 GMT',
23 silly registry.get     via: '1.1 varnish',
23 silly registry.get     'cache-control': 'max-age=300',
23 silly registry.get     etag: '"3HFIAQ5EUGI47DPBN8XAI2I7F"',
23 silly registry.get     age: '0',
23 silly registry.get     connection: 'keep-alive',
23 silly registry.get     'x-served-by': 'cache-sin6927-SIN',
23 silly registry.get     'x-cache': 'HIT',
23 silly registry.get     'x-cache-hits': '1',
23 silly registry.get     'x-timer': 'S1477290631.263069,VS0,VE223',
23 silly registry.get     vary: 'Accept-Encoding' } ]
24 verbose etag ng-table from cache
25 silly addNameRange number 2 { name: 'ng-table', range: '*', hasData: true }
26 silly addNameRange versions [ 'ng-table',
26 silly addNameRange   [ '0.3.1',
26 silly addNameRange     '0.3.1-npm',
26 silly addNameRange     '0.3.2',
26 silly addNameRange     '0.5.4',
26 silly addNameRange     '0.8.3',
26 silly addNameRange     '1.0.0',
26 silly addNameRange     '2.0.0',
26 silly addNameRange     '2.0.1',
26 silly addNameRange     '2.0.2',
26 silly addNameRange     '2.1.0' ] ]
27 verbose addNamed [ 'ng-table', '2.1.0' ]
28 verbose addNamed [ '2.1.0', '2.1.0' ]
29 silly lockFile 1276bb99-ng-table-2-1-0 ng-table@2.1.0
30 verbose lock ng-table@2.1.0 /home/nabeel/.npm/1276bb99-ng-table-2-1-0.lock
31 silly lockFile 1276bb99-ng-table-2-1-0 ng-table@2.1.0
32 silly lockFile 1276bb99-ng-table-2-1-0 ng-table@2.1.0
33 silly lockFile 953b84f7-ng-table ng-table@
34 silly lockFile 953b84f7-ng-table ng-table@
35 silly resolved [ { name: 'ng-table',
35 silly resolved     version: '2.1.0',
35 silly resolved     author: { name: 'Vitalii Savchuk', email: 'esvit666@gmail.com' },
35 silly resolved     license: 'BSD',
35 silly resolved     repository: { type: 'git', url: 'git://github.com/esvit/ng-table.git' },
35 silly resolved     main: 'bundles/ng-table.js',
35 silly resolved     module: 'index.js',
35 silly resolved     typings: 'index.d.ts',
35 silly resolved     release: { branch: 'master', fallbackTags: [Object] },
35 silly resolved     publishConfig: { tag: 'latest' },
35 silly resolved     devDependencies:
35 silly resolved      { '@types/angular-mocks': '^1.5.4',
35 silly resolved        '@types/jasmine': '^2.2.33',
35 silly resolved        '@types/karma-jasmine': '0.0.27',
35 silly resolved        '@types/lodash': '^4.14.34',
35 silly resolved        angular: '^1.5.8',
35 silly resolved        'angular-mocks': '^1.5.8',
35 silly resolved        'awesome-typescript-loader': '^2.2.4',
35 silly resolved        'babel-core': '^6.14.0',
35 silly resolved        'babel-loader': '^6.2.5',
35 silly resolved        'babel-preset-es2015': '^6.13.2',
35 silly resolved        'babel-preset-es2016': '^6.11.3',
35 silly resolved        'babel-preset-stage-2': '^6.13.0',
35 silly resolved        'bootstrap-css-only': '^3.3.6',
35 silly resolved        bulk: 'git+https://github.com/kumarharsh/bulk.git#68ac8daa57191f7ea79279b22b0876cf4ab19575',
35 silly resolved        commitizen: '^2.8.6',
35 silly resolved        'core-js': '^2.4.1',
35 silly resolved        coveralls: '~2.11.0',
35 silly resolved        'css-loader': '^0.23.1',
35 silly resolved        'cz-conventional-changelog': '^1.2.0',
35 silly resolved        'extract-text-webpack-plugin': '^2.0.0-beta.3',
35 silly resolved        'file-loader': '^0.9.0',
35 silly resolved        'gh-pages': '^0.11.0',
35 silly resolved        'html-loader': '^0.4.3',
35 silly resolved        'html-webpack-plugin': '^2.22.0',
35 silly resolved        'http-server': '^0.9.0',
35 silly resolved        husky: '^0.11.9',
35 silly resolved        istanbul: '^0.4.4',
35 silly resolved        'istanbul-instrumenter-loader': '^0.2.0',
35 silly resolved        'jasmine-core': '^2.3.4',
35 silly resolved        'jasmine-spec-reporter': '^2.7.0',
35 silly resolved        karma: '1.1.2',
35 silly resolved        'karma-chrome-launcher': '1.0.1',
35 silly resolved        'karma-coverage': '1.1.1',
35 silly resolved        'karma-firefox-launcher': '1.0.0',
35 silly resolved        'karma-jasmine': '1.0.2',
35 silly resolved        'karma-phantomjs-launcher': '1.0.1',
35 silly resolved        'karma-spec-reporter': '0.0.26',
35 silly resolved        'karma-webpack': '^1.8.0',
35 silly resolved        linklocal: 'git+https://github.com/theoy/linklocal.git#3f939171c3c925f2af831d78a3f2fbf9caa3002e',
35 silly resolved        lodash: '~3.7.0',
35 silly resolved        'ngtemplate-loader': 'git+https://github.com/wearymonkey/ngtemplate-loader.git#63e3461d8b1298de913e3528766068260915ae1f',
35 silly resolved        'node-sass': '^3.8.0',
35 silly resolved        'npm-run-all': '^2.3.0',
35 silly resolved        open: '0.0.5',
35 silly resolved        'phantomjs-prebuilt': '2.1.10',
35 silly resolved        protractor: '^4.0.9',
35 silly resolved        'protractor-jasmine2-screenshot-reporter': '^0.3.2',
35 silly resolved        'resolve-url-loader': '^1.6.0',
35 silly resolved        'sass-loader': '^4.0.0',
35 silly resolved        'semantic-release': '^4.3.5',
35 silly resolved        shx: '^0.1.4',
35 silly resolved        'style-loader': '^0.13.1',
35 silly resolved        systemjs: '^0.19.36',
35 silly resolved        'systemjs-plugin-babel': '0.0.15',
35 silly resolved        'ts-node': '^1.3.0',
35 silly resolved        typedoc: '^0.4.5',
35 silly resolved        typescript: '2.0.3',
35 silly resolved        'url-loader': '^0.5.7',
35 silly resolved        'validate-commit-msg': '^2.8.2',
35 silly resolved        webpack: '^2.1.0-beta.20',
35 silly resolved        'webpack-dev-server': '^2.1.0-beta.0',
35 silly resolved        'webpack-merge': '^0.14.1',
35 silly resolved        'webpack-validator': '^2.2.7' },
35 silly resolved     scripts:
35 silly resolved      { 'build:all': 'npm-run-all --parallel build:full tsc --serial build:demo-apps',
35 silly resolved        'build:demo-apps': 'shx ls -d demo-apps/*/ | bulk -c "npm run build"',
35 silly resolved        build: 'webpack --progress --profile --env.debug',
35 silly resolved        'build:prod': 'webpack  --progress --profile --env.prod',
35 silly resolved        'build:full': 'webpack  --progress --profile --env.prod --env.debug',
35 silly resolved        'clean:all': 'npm run clean && shx ls -d demo-apps/*/ | bulk -c "npm run clean"',
35 silly resolved        clean: 'shx rm -f index.d.ts src/browser/*.js src/browser/*.js.map src/browser/*.d.ts src/core/*.js src/core/*.js.map src/core/*.d.ts test/*.spec.js test/*.spec.js.map test/*.spec.d.ts demo-apps/ts-webpack/src/**/*.js demo-apps/ts-webpack/src/**/*.js.map',
35 silly resolved        cm: 'git add -A && git-cz',
35 silly resolved        commitmsg: 'validate-commit-msg',
35 silly resolved        'doc-deploy': 'gh-pages -d demo-site',
35 silly resolved        predoc: 'shx rm -rf demo-site/api-docs',
35 silly resolved        doc: 'typedoc --options typedoc.json index.ts',
35 silly resolved        'e2e-server': 'http-server demo-apps -c-1',
35 silly resolved        'e2e-server:ci': 'http-server demo-apps -s -c-1 &',
35 silly resolved        e2e: 'protractor e2e/protractor.config.js',
35 silly resolved        'e2e:ci': 'protractor e2e/protractor-travis.config',
35 silly resolved        poste2e: 'node ./scripts/open-e2e-report',
35 silly resolved        'install:demo-apps': 'shx ls -d demo-apps/*/ | bulk -c "npm install"',
35 silly resolved        'link:demo-apps': 'shx ls -d demo-apps/*/ | bulk -c "npm run linklocal"',
35 silly resolved        precommit: 'npm run tsc',
35 silly resolved        'semantic-release': 'semantic-release pre && npm publish && semantic-release post',
35 silly resolved        'preserve:api-docs': 'npm run doc',
35 silly resolved        'serve:api-docs': 'http-server docs -o -c-1',
35 silly resolved        'serve:demo': 'cd demo-apps/es5 && npm start',
35 silly resolved        'serve:docs-site': 'http-server demo-site -o -c-1',
35 silly resolved        '_setup:common': 'npm-run-all --parallel build:full tsc --serial install:demo-apps link:demo-apps',
35 silly resolved        'setup:ci': 'npm run _setup:common',
35 silly resolved        setup: 'npm-run-all --parallel _setup:common update-webdriver',
35 silly resolved        test: 'karma start',
35 silly resolved        'test:w': 'karma start --no-single-run --auto-watch',
35 silly resolved        'test:debug': 'karma start --no-single-run',
35 silly resolved        tsc: 'tsc',
35 silly resolved        'unlink:demo-apps': 'shx ls -d demo-apps/*/ | bulk -c "npm run unlinklocal"',
35 silly resolved        'update-webdriver': 'webdriver-manager update',
35 silly resolved        'validate-webpack': 'webpack-validator webpack.config.js --env.dev --env.test --env.prod',
35 silly resolved        webpack: 'webpack' },
35 silly resolved     dependencies: { '@types/angular': '^1.5.13' },
35 silly resolved     peerDependencies: { angular: '^1.2' },
35 silly resolved     config: { commitizen: [Object], 'validate-commit-msg': [Object] },
35 silly resolved     readme: 'Table + AngularJS\n=================\n[![Build Status](https://travis-ci.org/esvit/ng-table.svg)](https://travis-ci.org/esvit/ng-table) [![Coverage Status](https://coveralls.io/repos/esvit/ng-table/badge.png)](https://coveralls.io/r/esvit/ng-table)\n[![semantic-release](https://img.shields.io/badge/%20%20%F0%9F%93%A6%F0%9F%9A%80-semantic--release-e10079.svg)](https://github.com/semantic-release/semantic-release)\n\nCode licensed under New BSD License.\n\nThis directive enhances your HTML tables. It support sorting, filtering and pagination.\nHeader row with titles and filters automatic generated.\n\n\n## Installing\n\n**NPM**\n\nInstall the current stable release:\n```\nnpm install ng-table --save\n```\nOr install the latest beta release:\n```\nnpm install ng-table@next --save\n```\n\n**CDN**\n\nYou can download the distribution files directly from [unpkg](https://unpkg.com/ng-table/bundles/)\n\n\n## Getting started\n\nPlease follow the getting started steps [here](http://ng-table.com/)\n\n\n## Examples\n\n* [Demo site](http://ng-table.com/)\n* Sample apps:\n    * [ES5](demo-apps/es5/readme.md)\n    * [ES2015 + SystemJS](demo-apps/es6-systemjs/readme.md)\n    * [ES2015 + Webpack](demo-apps/es6-webpack/readme.md)\n    * [Typescript + Webpack](demo-apps/ts-webpack/readme.md)\n* Codepen examples (**Tip**: fork these to create your own examples);\n    * [`ngTable`: inmemory list](http://codepen.io/christianacca/pen/VLqVeo?editors=101)\n    * [`ngTable`: server-side list](http://codepen.io/christianacca/pen/VLqqjP?editors=101)\n    * [`ngTableDynamic`: inmemory list](http://codepen.io/christianacca/pen/jPxgzY?editors=101)\n    * [`ngTableDynamic`: server-side list](http://codepen.io/christianacca/pen/JdwwrR/?editors=101)\n\n\n## Using Typescript?\n\nAs of v2.0.0 ngTable is written in typescript and so you do NOT have to install external type declarations for this library.\n\nBy installing the [ng-table package from npm](https://www.npmjs.com/package/ng-table), you will get typescript intellisense for all ng-table exported types.\n\n**WARNING:**. The type definitions on [DefinitelyTyped](https://github.com/DefinitelyTyped/DefinitelyTyped/tree/master/ng-table) \nand [@types/ng-table](https://www.npmjs.com/package/@types/ng-table) are depreciated.\n\n\n## Upgrading from an earlier version?\n\n### Upgrade from 0.8.3\n\nIt\'s recommended to upgrade in two jumps:\n\n1. Upgrade to version 1.0.0-beta.9, making any changes to your application code neccessary to work with this version\n    * EG: `bower install ng-table#1.0.0-beta.9 --save`\n2. Refactor your application to remove any code that depended on depreciated behaviours that where removed in the 1.0.0 release\n3. Install 1.0.0 (should now be a drop in replacement for 1.0.0-beta.9)\n    * Bower: `bower install ng-table#1.0.0 --save`\n    * NPM: `npm i ng-table@1.0.0 --save`\n\n\n### Upgrade from version earlier than 0.8.3\n\nIt\'s recommended to upgrade in three jumps:\n\n1. Upgrade to version 0.8.3, making any changes to your application code neccessary to work with this version\n    * EG: `bower install ng-table#0.8.3 --save`\n3. Follow the guide above to upgrade from 0.8.3 -> 1.0.0-beta.9 -> 1.0.0\n\n**Tips**\n* Read the notes in [github releases](https://github.com/esvit/ng-table/releases). Each release details the breaking changes and migration guidance\n\n\n## Compatibility\n\nFor work in IE < 9 need jQuery, just add:\n```html\n<!--[if lt IE 9]>\n  <script src="http://code.jquery.com/jquery-1.10.2.min.js"></script>\n<![endif]-->\n```\n\n## Want to contribute?\n\nSee the [contributing](CONTRIBUTING.md) guidelines.\n\n---\n\nThis project is part of [Bazalt CMS](http://bazalt-cms.com/).\n',
35 silly resolved     readmeFilename: 'README.md',
35 silly resolved     description: 'Table + AngularJS ================= [![Build Status](https://travis-ci.org/esvit/ng-table.svg)](https://travis-ci.org/esvit/ng-table) [![Coverage Status](https://coveralls.io/repos/esvit/ng-table/badge.png)](https://coveralls.io/r/esvit/ng-table) [![semantic-release](https://img.shields.io/badge/%20%20%F0%9F%93%A6%F0%9F%9A%80-semantic--release-e10079.svg)](https://github.com/semantic-release/semantic-release)',
35 silly resolved     bugs: { url: 'https://github.com/esvit/ng-table/issues' },
35 silly resolved     _id: 'ng-table@2.1.0',
35 silly resolved     _from: 'ng-table@' } ]
36 info install ng-table@2.1.0 into /home/nabeel/Projects /Key-management-system
37 info installOne ng-table@2.1.0
38 info /home/nabeel/Projects /Key-management-system/node_modules/ng-table unbuild
39 verbose tar unpack /home/nabeel/.npm/ng-table/2.1.0/package.tgz
40 silly lockFile bff9d51e-ent-system-node-modules-ng-table tar:///home/nabeel/Projects /Key-management-system/node_modules/ng-table
41 verbose lock tar:///home/nabeel/Projects /Key-management-system/node_modules/ng-table /home/nabeel/.npm/bff9d51e-ent-system-node-modules-ng-table.lock
42 silly lockFile 2d8f4d45-l-npm-ng-table-2-1-0-package-tgz tar:///home/nabeel/.npm/ng-table/2.1.0/package.tgz
43 verbose lock tar:///home/nabeel/.npm/ng-table/2.1.0/package.tgz /home/nabeel/.npm/2d8f4d45-l-npm-ng-table-2-1-0-package-tgz.lock
44 silly gunzTarPerm modes [ '755', '644' ]
45 silly gunzTarPerm extractEntry package.json
46 silly gunzTarPerm extractEntry .npmignore
47 silly gunzTarPerm extractEntry README.md
48 silly gunzTarPerm extractEntry LICENSE
49 silly gunzTarPerm extractEntry index.js
50 silly gunzTarPerm extractEntry CONTRIBUTING.md
51 silly gunzTarPerm extractEntry index.d.ts
52 silly gunzTarPerm extractEntry src/browser/public-interfaces.js
53 silly gunzTarPerm extractEntry src/browser/ngTableController.js
54 silly gunzTarPerm extractEntry src/browser/ngTableDynamic.directive.js
55 silly gunzTarPerm extractEntry src/browser/ngTableFilterConfig.js
56 silly gunzTarPerm extractEntry src/browser/ngTableColumnsBinding.directive.js
57 silly gunzTarPerm extractEntry src/browser/ngTableFilterRowController.js
58 silly gunzTarPerm extractEntry src/browser/ngTableGroupRow.directive.js
59 silly gunzTarPerm extractEntry src/browser/ngTableGroupRowController.js
60 silly gunzTarPerm extractEntry src/browser/ngTablePagination.directive.js
61 silly gunzTarPerm extractEntry src/browser/ngTableSelectFilterDs.directive.js
62 silly gunzTarPerm extractEntry src/browser/ngTableColumn.js
63 silly gunzTarPerm extractEntry src/browser/ngTableSorterRow.directive.js
64 silly gunzTarPerm extractEntry src/browser/ngTable.directive.js
65 silly gunzTarPerm extractEntry src/browser/ngTableSorterRowController.js
66 silly gunzTarPerm extractEntry src/browser/index.js
67 silly gunzTarPerm extractEntry src/browser/ngTableFilterRow.directive.js
68 silly gunzTarPerm extractEntry src/browser/ngTableFilterRow.directive.js.map
69 silly gunzTarPerm extractEntry src/browser/filterRow.html
70 silly gunzTarPerm extractEntry src/browser/ngTableController.js.map
71 silly gunzTarPerm extractEntry src/browser/ngTableDynamic.directive.d.ts
72 silly gunzTarPerm extractEntry src/browser/index.js.map
73 silly gunzTarPerm extractEntry src/browser/ngTableDynamic.directive.js.map
74 silly gunzTarPerm extractEntry src/browser/ngTableFilterConfig.d.ts
75 silly gunzTarPerm extractEntry src/browser/ngTable.directive.d.ts
76 silly gunzTarPerm extractEntry src/browser/ngTableFilterConfig.js.map
77 silly gunzTarPerm extractEntry src/browser/ngTableFilterRow.directive.d.ts
78 silly gunzTarPerm extractEntry src/browser/groupRow.html
79 silly gunzTarPerm extractEntry src/browser/filters/number.html
80 silly gunzTarPerm extractEntry src/browser/filters/select-multiple.html
81 silly gunzTarPerm extractEntry src/browser/filters/select.html
82 silly gunzTarPerm extractEntry src/browser/filters/text.html
83 silly gunzTarPerm extractEntry src/browser/ngTableFilterRowController.d.ts
84 silly gunzTarPerm extractEntry src/browser/ngTable.directive.js.map
85 silly gunzTarPerm extractEntry src/browser/ngTableFilterRowController.js.map
86 silly gunzTarPerm extractEntry src/browser/ngTableGroupRow.directive.d.ts
87 silly gunzTarPerm extractEntry src/browser/ngTableColumn.d.ts
88 silly gunzTarPerm extractEntry src/browser/ngTableGroupRow.directive.js.map
89 silly gunzTarPerm extractEntry src/browser/ngTableGroupRowController.d.ts
90 silly gunzTarPerm extractEntry src/browser/header.html
91 silly gunzTarPerm extractEntry src/browser/ngTableGroupRowController.js.map
92 silly gunzTarPerm extractEntry src/browser/ngTablePagination.directive.d.ts
93 silly gunzTarPerm extractEntry src/browser/ngTableColumn.js.map
94 silly gunzTarPerm extractEntry src/browser/ngTablePagination.directive.js.map
95 silly gunzTarPerm extractEntry src/browser/ngTableSelectFilterDs.directive.d.ts
96 silly gunzTarPerm extractEntry src/browser/ngTableColumnsBinding.directive.d.ts
97 silly gunzTarPerm extractEntry src/browser/ngTableSelectFilterDs.directive.js.map
98 silly gunzTarPerm extractEntry src/browser/ngTableSorterRow.directive.d.ts
99 silly gunzTarPerm extractEntry src/browser/index.d.ts
100 silly gunzTarPerm extractEntry src/browser/ngTableSorterRow.directive.js.map
101 silly gunzTarPerm extractEntry src/browser/ngTableSorterRowController.d.ts
102 silly gunzTarPerm extractEntry src/browser/ngTableColumnsBinding.directive.js.map
103 silly gunzTarPerm extractEntry src/browser/ngTableSorterRowController.js.map
104 silly gunzTarPerm extractEntry src/browser/pager.html
105 silly gunzTarPerm extractEntry src/browser/public-interfaces.d.ts
106 silly gunzTarPerm extractEntry src/browser/ngTableController.d.ts
107 silly gunzTarPerm extractEntry src/browser/public-interfaces.js.map
108 silly gunzTarPerm extractEntry src/browser/sorterRow.html
109 silly gunzTarPerm extractEntry src/core/ngTableDefaultGetData.js
110 silly gunzTarPerm extractEntry src/core/ngTableDefaults.js
111 silly gunzTarPerm extractEntry src/core/index.js
112 silly gunzTarPerm extractEntry src/core/ngTableEventsChannel.js
113 silly gunzTarPerm extractEntry src/core/ngTableParams.js
114 silly gunzTarPerm extractEntry src/core/public-interfaces.js
115 silly gunzTarPerm extractEntry src/core/ngTableEventsChannel.d.ts
116 silly gunzTarPerm extractEntry src/core/index.js.map
117 silly gunzTarPerm extractEntry src/core/ngTableDefaults.js.map
118 silly gunzTarPerm extractEntry src/core/ngTableDefaultGetData.d.ts
119 silly gunzTarPerm extractEntry src/core/index.d.ts
120 silly gunzTarPerm extractEntry src/core/ngTableEventsChannel.js.map
121 silly gunzTarPerm extractEntry src/core/ngTableParams.d.ts
122 silly gunzTarPerm extractEntry src/core/ngTableDefaultGetData.js.map
123 silly gunzTarPerm extractEntry src/core/ngTableParams.js.map
124 silly gunzTarPerm extractEntry src/core/public-interfaces.d.ts
125 silly gunzTarPerm extractEntry src/core/ngTableDefaults.d.ts
126 silly gunzTarPerm extractEntry src/core/public-interfaces.js.map
127 silly gunzTarPerm extractEntry src/styles/ng-table.scss
128 silly gunzTarPerm extractEntry index.js.map
129 silly gunzTarPerm extractEntry RELEASING.md
130 silly gunzTarPerm extractEntry bundles/ng-table.js
131 silly gunzTarPerm extractEntry bundles/ng-table.min.js
132 silly gunzTarPerm extractEntry bundles/ng-table.css
133 silly gunzTarPerm extractEntry bundles/ng-table.css.map
134 silly gunzTarPerm extractEntry bundles/ng-table.js.map
135 silly gunzTarPerm extractEntry bundles/ng-table.min.css
136 silly gunzTarPerm extractEntry bundles/ng-table.min.css.map
137 silly gunzTarPerm extractEntry bundles/ng-table.min.js.map
138 silly lockFile bff9d51e-ent-system-node-modules-ng-table tar:///home/nabeel/Projects /Key-management-system/node_modules/ng-table
139 silly lockFile bff9d51e-ent-system-node-modules-ng-table tar:///home/nabeel/Projects /Key-management-system/node_modules/ng-table
140 silly lockFile 2d8f4d45-l-npm-ng-table-2-1-0-package-tgz tar:///home/nabeel/.npm/ng-table/2.1.0/package.tgz
141 silly lockFile 2d8f4d45-l-npm-ng-table-2-1-0-package-tgz tar:///home/nabeel/.npm/ng-table/2.1.0/package.tgz
142 info preinstall ng-table@2.1.0
143 verbose readDependencies using package.json deps
144 verbose readDependencies using package.json deps
145 verbose cache add [ '@types/angular@^1.5.13', null ]
146 verbose cache add name=undefined spec="@types/angular@^1.5.13" args=["@types/angular@^1.5.13",null]
147 verbose parsed url { protocol: null,
147 verbose parsed url   slashes: null,
147 verbose parsed url   auth: null,
147 verbose parsed url   host: null,
147 verbose parsed url   port: null,
147 verbose parsed url   hostname: null,
147 verbose parsed url   hash: null,
147 verbose parsed url   search: null,
147 verbose parsed url   query: null,
147 verbose parsed url   pathname: '@types/angular@^1.5.13',
147 verbose parsed url   path: '@types/angular@^1.5.13',
147 verbose parsed url   href: '@types/angular@^1.5.13' }
148 verbose cache add name="" spec="types/angular@^1.5.13" args=["","types/angular@^1.5.13"]
149 verbose parsed url { protocol: null,
149 verbose parsed url   slashes: null,
149 verbose parsed url   auth: null,
149 verbose parsed url   host: null,
149 verbose parsed url   port: null,
149 verbose parsed url   hostname: null,
149 verbose parsed url   hash: null,
149 verbose parsed url   search: null,
149 verbose parsed url   query: null,
149 verbose parsed url   pathname: 'types/angular@^1.5.13',
149 verbose parsed url   path: 'types/angular@^1.5.13',
149 verbose parsed url   href: 'types/angular@^1.5.13' }
150 verbose cache add name="types/angular" spec="^1.5.13" args=["types/angular","^1.5.13"]
151 verbose parsed url { protocol: null,
151 verbose parsed url   slashes: null,
151 verbose parsed url   auth: null,
151 verbose parsed url   host: null,
151 verbose parsed url   port: null,
151 verbose parsed url   hostname: null,
151 verbose parsed url   hash: null,
151 verbose parsed url   search: null,
151 verbose parsed url   query: null,
151 verbose parsed url   pathname: '^1.5.13',
151 verbose parsed url   path: '^1.5.13',
151 verbose parsed url   href: '^1.5.13' }
152 verbose addNamed [ 'types/angular', '^1.5.13' ]
153 verbose addNamed [ null, '>=1.5.13-0 <2.0.0-0' ]
154 silly lockFile c97543c3-types-angular-1-5-13 types/angular@^1.5.13
155 verbose lock types/angular@^1.5.13 /home/nabeel/.npm/c97543c3-types-angular-1-5-13.lock
156 silly addNameRange { name: 'types/angular',
156 silly addNameRange   range: '>=1.5.13-0 <2.0.0-0',
156 silly addNameRange   hasData: false }
157 verbose url raw types/angular
158 verbose url resolving [ 'https://registry.npmjs.org/', './types/angular' ]
159 verbose url resolved https://registry.npmjs.org/types/angular
160 info trying registry request attempt 1 at 12:00:40
161 http GET https://registry.npmjs.org/types/angular
162 http 404 https://registry.npmjs.org/types/angular
163 silly registry.get cb [ 404,
163 silly registry.get   { 'content-type': 'application/json',
163 silly registry.get     'cache-control': 'max-age=0',
163 silly registry.get     'content-length': '2',
163 silly registry.get     'accept-ranges': 'bytes',
163 silly registry.get     date: 'Mon, 24 Oct 2016 06:30:33 GMT',
163 silly registry.get     via: '1.1 varnish',
163 silly registry.get     age: '0',
163 silly registry.get     connection: 'keep-alive',
163 silly registry.get     'x-served-by': 'cache-sin6920-SIN',
163 silly registry.get     'x-cache': 'MISS',
163 silly registry.get     'x-cache-hits': '0',
163 silly registry.get     'x-timer': 'S1477290633.173200,VS0,VE226',
163 silly registry.get     vary: 'Accept-Encoding' } ]
164 silly addNameRange number 2 { name: 'types/angular',
164 silly addNameRange   range: '>=1.5.13-0 <2.0.0-0',
164 silly addNameRange   hasData: true }
165 silly addNameRange versions [ undefined, [] ]
166 error TypeError: Cannot read property 'latest' of undefined
166 error     at next (/usr/share/npm/lib/cache.js:687:35)
166 error     at /usr/share/npm/lib/cache.js:675:5
166 error     at saved (/usr/share/npm/node_modules/npm-registry-client/lib/get.js:142:7)
166 error     at /usr/lib/nodejs/graceful-fs/polyfills.js:133:7
166 error     at Object.oncomplete (fs.js:107:15)
167 error If you need help, you may report this log at:
167 error     <http://github.com/isaacs/npm/issues>
167 error or email it to:
167 error     <npm-@googlegroups.com>
168 error System Linux 4.2.0-27-generic
169 error command "/usr/bin/nodejs" "/usr/bin/npm" "install" "ng-table" "--save"
170 error cwd /home/nabeel/Projects /Key-management-system
171 error node -v v0.10.25
172 error npm -v 1.3.10
173 error type non_object_property_load
174 verbose exit [ 1, true ]
